2024-11-01 13:00:26,519 - INFO - Starte Verarbeitung von: C:/Users/Agron/Downloads/opt/2k.jpg
2024-11-01 13:00:26,971 - INFO - 
                Verarbeitung abgeschlossen:
                - Datei: C:/Users/Agron/Downloads/opt/2k.jpg
                - Verarbeitungszeit: 0.45s
                - Größenreduzierung: 97.9%
                - Finale Größe: 77.2KB
            
2024-11-01 13:01:21,490 - INFO - Starte Verarbeitung von: C:/Users/Agron/Downloads/opt/2k.jpg
2024-11-01 13:01:21,940 - INFO - 
                Verarbeitung abgeschlossen:
                - Datei: C:/Users/Agron/Downloads/opt/2k.jpg
                - Verarbeitungszeit: 0.45s
                - Größenreduzierung: 97.9%
                - Finale Größe: 77.2KB
            
2024-11-01 13:01:44,353 - INFO - Starte Verarbeitung von: C:/Users/Agron/Downloads/opt/2k.jpg
2024-11-01 13:01:44,780 - INFO - 
                Verarbeitung abgeschlossen:
                - Datei: C:/Users/Agron/Downloads/opt/2k.jpg
                - Verarbeitungszeit: 0.43s
                - Größenreduzierung: 97.9%
                - Finale Größe: 77.2KB
            
2024-11-01 13:01:50,034 - INFO - Starte Verarbeitung von: C:/Users/Agron/Downloads/opt/2k.jpg
2024-11-01 13:01:50,461 - INFO - 
                Verarbeitung abgeschlossen:
                - Datei: C:/Users/Agron/Downloads/opt/2k.jpg
                - Verarbeitungszeit: 0.43s
                - Größenreduzierung: 97.9%
                - Finale Größe: 77.2KB
            
2024-11-01 13:04:20,016 - INFO - Starte Verarbeitung von: C:/Users/Agron/Downloads/opt/2k.jpg
2024-11-01 13:04:20,480 - INFO - 
                Verarbeitung abgeschlossen:
                - Datei: C:/Users/Agron/Downloads/opt/2k.jpg
                - Verarbeitungszeit: 0.46s
                - Größenreduzierung: 97.9%
                - Finale Größe: 77.2KB
            
2024-11-01 13:04:22,609 - INFO - Starte Verarbeitung von: C:/Users/Agron/Downloads/opt/2k.jpg
2024-11-01 13:04:23,052 - INFO - 
                Verarbeitung abgeschlossen:
                - Datei: C:/Users/Agron/Downloads/opt/2k.jpg
                - Verarbeitungszeit: 0.44s
                - Größenreduzierung: 98.0%
                - Finale Größe: 77.0KB
            
2024-11-01 13:04:23,164 - INFO - Starte Verarbeitung von: C:/Users/Agron/Downloads/opt/2k.jpg
2024-11-01 13:04:23,560 - INFO - 
                Verarbeitung abgeschlossen:
                - Datei: C:/Users/Agron/Downloads/opt/2k.jpg
                - Verarbeitungszeit: 0.40s
                - Größenreduzierung: 98.8%
                - Finale Größe: 46.0KB
            
2024-11-01 13:04:28,128 - INFO - Starte Verarbeitung von: C:/Users/Agron/Downloads/opt/2k.jpg
2024-11-01 13:04:28,534 - INFO - 
                Verarbeitung abgeschlossen:
                - Datei: C:/Users/Agron/Downloads/opt/2k.jpg
                - Verarbeitungszeit: 0.40s
                - Größenreduzierung: 98.8%
                - Finale Größe: 46.7KB
            
2024-11-01 13:04:28,643 - INFO - Starte Verarbeitung von: C:/Users/Agron/Downloads/opt/2k.jpg
2024-11-01 13:04:29,104 - INFO - 
                Verarbeitung abgeschlossen:
                - Datei: C:/Users/Agron/Downloads/opt/2k.jpg
                - Verarbeitungszeit: 0.46s
                - Größenreduzierung: 97.3%
                - Finale Größe: 101.2KB
            
2024-11-01 13:04:30,877 - INFO - Starte Verarbeitung von: C:/Users/Agron/Downloads/opt/2k.jpg
2024-11-01 13:04:31,347 - INFO - 
                Verarbeitung abgeschlossen:
                - Datei: C:/Users/Agron/Downloads/opt/2k.jpg
                - Verarbeitungszeit: 0.47s
                - Größenreduzierung: 97.3%
                - Finale Größe: 101.6KB
            
2024-11-01 13:04:31,459 - INFO - Starte Verarbeitung von: C:/Users/Agron/Downloads/opt/2k.jpg
2024-11-01 13:04:31,925 - INFO - 
                Verarbeitung abgeschlossen:
                - Datei: C:/Users/Agron/Downloads/opt/2k.jpg
                - Verarbeitungszeit: 0.47s
                - Größenreduzierung: 97.1%
                - Finale Größe: 107.7KB
            
2024-11-01 13:04:36,391 - INFO - Starte Verarbeitung von: C:/Users/Agron/Downloads/opt/2k.jpg
2024-11-01 13:04:36,887 - INFO - 
                Verarbeitung abgeschlossen:
                - Datei: C:/Users/Agron/Downloads/opt/2k.jpg
                - Verarbeitungszeit: 0.50s
                - Größenreduzierung: 97.1%
                - Finale Größe: 107.9KB
            
2024-11-01 13:04:36,999 - INFO - Starte Verarbeitung von: C:/Users/Agron/Downloads/opt/2k.jpg
2024-11-01 13:04:37,525 - INFO - 
                Verarbeitung abgeschlossen:
                - Datei: C:/Users/Agron/Downloads/opt/2k.jpg
                - Verarbeitungszeit: 0.52s
                - Größenreduzierung: 96.1%
                - Finale Größe: 145.2KB
            
2024-11-01 13:04:40,505 - INFO - Starte Verarbeitung von: C:/Users/Agron/Downloads/opt/2k.jpg
2024-11-01 13:04:41,020 - INFO - 
                Verarbeitung abgeschlossen:
                - Datei: C:/Users/Agron/Downloads/opt/2k.jpg
                - Verarbeitungszeit: 0.52s
                - Größenreduzierung: 96.2%
                - Finale Größe: 144.5KB
            
2024-11-01 13:04:41,134 - INFO - Starte Verarbeitung von: C:/Users/Agron/Downloads/opt/2k.jpg
2024-11-01 13:04:41,637 - INFO - 
                Verarbeitung abgeschlossen:
                - Datei: C:/Users/Agron/Downloads/opt/2k.jpg
                - Verarbeitungszeit: 0.50s
                - Größenreduzierung: 96.9%
                - Finale Größe: 116.7KB
            
2024-11-01 13:04:41,749 - INFO - Starte Verarbeitung von: C:/Users/Agron/Downloads/opt/2k.jpg
2024-11-01 13:04:42,252 - INFO - 
                Verarbeitung abgeschlossen:
                - Datei: C:/Users/Agron/Downloads/opt/2k.jpg
                - Verarbeitungszeit: 0.50s
                - Größenreduzierung: 97.0%
                - Finale Größe: 112.5KB
            
2024-11-01 13:04:42,795 - INFO - Starte Verarbeitung von: C:/Users/Agron/Downloads/opt/2k.jpg
2024-11-01 13:04:43,315 - INFO - 
                Verarbeitung abgeschlossen:
                - Datei: C:/Users/Agron/Downloads/opt/2k.jpg
                - Verarbeitungszeit: 0.52s
                - Größenreduzierung: 97.0%
                - Finale Größe: 113.0KB
            
2024-11-01 13:04:43,427 - INFO - Starte Verarbeitung von: C:/Users/Agron/Downloads/opt/2k.jpg
2024-11-01 13:04:43,950 - INFO - 
                Verarbeitung abgeschlossen:
                - Datei: C:/Users/Agron/Downloads/opt/2k.jpg
                - Verarbeitungszeit: 0.52s
                - Größenreduzierung: 96.8%
                - Finale Größe: 120.5KB
            
2024-11-01 13:04:45,823 - INFO - Starte Verarbeitung von: C:/Users/Agron/Downloads/opt/2k.jpg
2024-11-01 13:04:46,348 - INFO - 
                Verarbeitung abgeschlossen:
                - Datei: C:/Users/Agron/Downloads/opt/2k.jpg
                - Verarbeitungszeit: 0.52s
                - Größenreduzierung: 96.8%
                - Finale Größe: 120.9KB
            
2024-11-01 13:04:46,462 - INFO - Starte Verarbeitung von: C:/Users/Agron/Downloads/opt/2k.jpg
2024-11-01 13:04:46,979 - INFO - 
                Verarbeitung abgeschlossen:
                - Datei: C:/Users/Agron/Downloads/opt/2k.jpg
                - Verarbeitungszeit: 0.52s
                - Größenreduzierung: 97.4%
                - Finale Größe: 97.4KB
            
2024-11-01 13:04:47,732 - INFO - Starte Verarbeitung von: C:/Users/Agron/Downloads/opt/2k.jpg
2024-11-01 13:04:48,261 - INFO - 
                Verarbeitung abgeschlossen:
                - Datei: C:/Users/Agron/Downloads/opt/2k.jpg
                - Verarbeitungszeit: 0.53s
                - Größenreduzierung: 97.5%
                - Finale Größe: 95.6KB
            
2024-11-01 13:04:49,740 - INFO - Starte Verarbeitung von: C:/Users/Agron/Downloads/opt/2k.jpg
2024-11-01 13:04:50,262 - INFO - 
                Verarbeitung abgeschlossen:
                - Datei: C:/Users/Agron/Downloads/opt/2k.jpg
                - Verarbeitungszeit: 0.52s
                - Größenreduzierung: 97.4%
                - Finale Größe: 96.0KB
            
2024-11-01 13:04:51,002 - INFO - Starte Verarbeitung von: C:/Users/Agron/Downloads/opt/2k.jpg
2024-11-01 13:04:51,520 - INFO - 
                Verarbeitung abgeschlossen:
                - Datei: C:/Users/Agron/Downloads/opt/2k.jpg
                - Verarbeitungszeit: 0.52s
                - Größenreduzierung: 97.4%
                - Finale Größe: 96.0KB
            
2024-11-01 13:04:52,574 - INFO - Starte Verarbeitung von: C:/Users/Agron/Downloads/opt/2k.jpg
2024-11-01 13:04:53,101 - INFO - 
                Verarbeitung abgeschlossen:
                - Datei: C:/Users/Agron/Downloads/opt/2k.jpg
                - Verarbeitungszeit: 0.53s
                - Größenreduzierung: 97.4%
                - Finale Größe: 96.0KB
            
2024-11-01 13:04:53,221 - INFO - Starte Verarbeitung von: C:/Users/Agron/Downloads/opt/2k.jpg
2024-11-01 13:04:53,743 - INFO - 
                Verarbeitung abgeschlossen:
                - Datei: C:/Users/Agron/Downloads/opt/2k.jpg
                - Verarbeitungszeit: 0.52s
                - Größenreduzierung: 97.4%
                - Finale Größe: 96.3KB
            
2024-11-01 13:04:54,653 - INFO - Starte Verarbeitung von: C:/Users/Agron/Downloads/opt/2k.jpg
2024-11-01 13:04:55,167 - INFO - 
                Verarbeitung abgeschlossen:
                - Datei: C:/Users/Agron/Downloads/opt/2k.jpg
                - Verarbeitungszeit: 0.51s
                - Größenreduzierung: 97.4%
                - Finale Größe: 96.3KB
            
2024-11-01 13:04:55,316 - INFO - Starte Verarbeitung von: C:/Users/Agron/Downloads/opt/2k.jpg
2024-11-01 13:04:55,840 - INFO - 
                Verarbeitung abgeschlossen:
                - Datei: C:/Users/Agron/Downloads/opt/2k.jpg
                - Verarbeitungszeit: 0.52s
                - Größenreduzierung: 97.4%
                - Finale Größe: 96.9KB
            
2024-11-01 13:04:57,102 - INFO - Starte Verarbeitung von: C:/Users/Agron/Downloads/opt/2k.jpg
2024-11-01 13:04:57,616 - INFO - 
                Verarbeitung abgeschlossen:
                - Datei: C:/Users/Agron/Downloads/opt/2k.jpg
                - Verarbeitungszeit: 0.51s
                - Größenreduzierung: 97.4%
                - Finale Größe: 96.9KB
            
2024-11-01 13:04:58,405 - INFO - Starte Verarbeitung von: C:/Users/Agron/Downloads/opt/2k.jpg
2024-11-01 13:04:58,930 - INFO - 
                Verarbeitung abgeschlossen:
                - Datei: C:/Users/Agron/Downloads/opt/2k.jpg
                - Verarbeitungszeit: 0.53s
                - Größenreduzierung: 97.4%
                - Finale Größe: 96.3KB
            
2024-11-01 13:05:01,573 - INFO - Starte Verarbeitung von: C:/Users/Agron/Downloads/opt/2k.jpg
2024-11-01 13:05:02,096 - INFO - 
                Verarbeitung abgeschlossen:
                - Datei: C:/Users/Agron/Downloads/opt/2k.jpg
                - Verarbeitungszeit: 0.52s
                - Größenreduzierung: 97.4%
                - Finale Größe: 96.9KB
            
2024-11-01 13:05:02,746 - INFO - Starte Verarbeitung von: C:/Users/Agron/Downloads/opt/2k.jpg
2024-11-01 13:05:03,259 - INFO - 
                Verarbeitung abgeschlossen:
                - Datei: C:/Users/Agron/Downloads/opt/2k.jpg
                - Verarbeitungszeit: 0.51s
                - Größenreduzierung: 97.4%
                - Finale Größe: 96.9KB
            
2024-11-01 13:05:03,645 - INFO - Starte Verarbeitung von: C:/Users/Agron/Downloads/opt/2k.jpg
2024-11-01 13:05:04,157 - INFO - 
                Verarbeitung abgeschlossen:
                - Datei: C:/Users/Agron/Downloads/opt/2k.jpg
                - Verarbeitungszeit: 0.51s
                - Größenreduzierung: 97.4%
                - Finale Größe: 96.9KB
            
2024-11-01 13:05:04,300 - INFO - Starte Verarbeitung von: C:/Users/Agron/Downloads/opt/2k.jpg
2024-11-01 13:05:04,814 - INFO - 
                Verarbeitung abgeschlossen:
                - Datei: C:/Users/Agron/Downloads/opt/2k.jpg
                - Verarbeitungszeit: 0.51s
                - Größenreduzierung: 97.4%
                - Finale Größe: 96.3KB
            
2024-11-01 13:05:06,181 - INFO - Starte Verarbeitung von: C:/Users/Agron/Downloads/opt/2k.jpg
2024-11-01 13:05:06,654 - INFO - 
                Verarbeitung abgeschlossen:
                - Datei: C:/Users/Agron/Downloads/opt/2k.jpg
                - Verarbeitungszeit: 0.47s
                - Größenreduzierung: 98.0%
                - Finale Größe: 74.8KB
            
2024-11-01 13:05:06,764 - INFO - Starte Verarbeitung von: C:/Users/Agron/Downloads/opt/2k.jpg
2024-11-01 13:05:07,203 - INFO - 
                Verarbeitung abgeschlossen:
                - Datei: C:/Users/Agron/Downloads/opt/2k.jpg
                - Verarbeitungszeit: 0.44s
                - Größenreduzierung: 98.1%
                - Finale Größe: 70.6KB
            
2024-11-01 13:05:07,312 - INFO - Starte Verarbeitung von: C:/Users/Agron/Downloads/opt/2k.jpg
2024-11-01 13:05:07,732 - INFO - 
                Verarbeitung abgeschlossen:
                - Datei: C:/Users/Agron/Downloads/opt/2k.jpg
                - Verarbeitungszeit: 0.42s
                - Größenreduzierung: 97.9%
                - Finale Größe: 77.2KB
            
2024-11-01 13:05:07,843 - INFO - Starte Verarbeitung von: C:/Users/Agron/Downloads/opt/2k.jpg
2024-11-01 13:05:08,285 - INFO - 
                Verarbeitung abgeschlossen:
                - Datei: C:/Users/Agron/Downloads/opt/2k.jpg
                - Verarbeitungszeit: 0.44s
                - Größenreduzierung: 97.9%
                - Finale Größe: 77.2KB
            
2024-11-01 13:05:11,261 - INFO - Starte Verarbeitung von: C:/Users/Agron/Downloads/opt/2k.jpg
2024-11-01 13:05:11,687 - INFO - 
                Verarbeitung abgeschlossen:
                - Datei: C:/Users/Agron/Downloads/opt/2k.jpg
                - Verarbeitungszeit: 0.43s
                - Größenreduzierung: 97.9%
                - Finale Größe: 77.2KB
            
2024-11-01 13:05:16,554 - INFO - Starte Verarbeitung von: C:/Users/Agron/Downloads/opt/2k.jpg
2024-11-01 13:05:16,981 - INFO - 
                Verarbeitung abgeschlossen:
                - Datei: C:/Users/Agron/Downloads/opt/2k.jpg
                - Verarbeitungszeit: 0.43s
                - Größenreduzierung: 97.9%
                - Finale Größe: 79.0KB
            
2024-11-01 13:06:06,045 - INFO - Starte Verarbeitung von: C:/Users/Agron/Downloads/opt/2k.jpg
2024-11-01 13:06:06,495 - INFO - 
                Verarbeitung abgeschlossen:
                - Datei: C:/Users/Agron/Downloads/opt/2k.jpg
                - Verarbeitungszeit: 0.45s
                - Größenreduzierung: 97.9%
                - Finale Größe: 77.2KB
            
2024-11-01 13:06:18,599 - INFO - Starte Verarbeitung von: C:/Users/Agron/Downloads/opt/2k.jpg
2024-11-01 13:06:19,050 - INFO - 
                Verarbeitung abgeschlossen:
                - Datei: C:/Users/Agron/Downloads/opt/2k.jpg
                - Verarbeitungszeit: 0.45s
                - Größenreduzierung: 97.9%
                - Finale Größe: 77.8KB
            
2024-11-01 13:06:19,163 - INFO - Starte Verarbeitung von: C:/Users/Agron/Downloads/opt/2k.jpg
2024-11-01 13:06:19,619 - INFO - 
                Verarbeitung abgeschlossen:
                - Datei: C:/Users/Agron/Downloads/opt/2k.jpg
                - Verarbeitungszeit: 0.46s
                - Größenreduzierung: 97.5%
                - Finale Größe: 94.7KB
            
2024-11-01 13:06:34,004 - INFO - Starte Verarbeitung von: C:/Users/Agron/Downloads/opt/2k.jpg
2024-11-01 13:06:34,475 - INFO - 
                Verarbeitung abgeschlossen:
                - Datei: C:/Users/Agron/Downloads/opt/2k.jpg
                - Verarbeitungszeit: 0.47s
                - Größenreduzierung: 97.5%
                - Finale Größe: 93.8KB
            
2024-11-01 13:06:46,107 - INFO - Starte Verarbeitung von: C:/Users/Agron/Downloads/opt/2k.jpg
2024-11-01 13:06:46,583 - INFO - 
                Verarbeitung abgeschlossen:
                - Datei: C:/Users/Agron/Downloads/opt/2k.jpg
                - Verarbeitungszeit: 0.48s
                - Größenreduzierung: 97.5%
                - Finale Größe: 93.8KB
            
2024-11-01 13:06:49,404 - INFO - Starte Verarbeitung von: C:/Users/Agron/Downloads/opt/2k.jpg
2024-11-01 13:06:49,877 - INFO - 
                Verarbeitung abgeschlossen:
                - Datei: C:/Users/Agron/Downloads/opt/2k.jpg
                - Verarbeitungszeit: 0.47s
                - Größenreduzierung: 97.5%
                - Finale Größe: 93.8KB
            
2024-11-01 13:06:52,253 - INFO - Starte Verarbeitung von: C:/Users/Agron/Downloads/opt/2k.jpg
2024-11-01 13:06:52,716 - INFO - 
                Verarbeitung abgeschlossen:
                - Datei: C:/Users/Agron/Downloads/opt/2k.jpg
                - Verarbeitungszeit: 0.46s
                - Größenreduzierung: 97.5%
                - Finale Größe: 94.2KB
            
2024-11-01 13:06:54,965 - INFO - Starte Verarbeitung von: C:/Users/Agron/Downloads/opt/2k.jpg
2024-11-01 13:06:55,425 - INFO - 
                Verarbeitung abgeschlossen:
                - Datei: C:/Users/Agron/Downloads/opt/2k.jpg
                - Verarbeitungszeit: 0.46s
                - Größenreduzierung: 97.5%
                - Finale Größe: 94.3KB
            
2024-11-01 13:07:00,787 - INFO - Starte Verarbeitung von: C:/Users/Agron/Downloads/opt/2k.jpg
2024-11-01 13:07:01,247 - INFO - 
                Verarbeitung abgeschlossen:
                - Datei: C:/Users/Agron/Downloads/opt/2k.jpg
                - Verarbeitungszeit: 0.46s
                - Größenreduzierung: 97.5%
                - Finale Größe: 94.3KB
            
2024-11-01 13:07:04,541 - INFO - Starte Verarbeitung von: C:/Users/Agron/Downloads/opt/2k.jpg
2024-11-01 13:07:04,996 - INFO - 
                Verarbeitung abgeschlossen:
                - Datei: C:/Users/Agron/Downloads/opt/2k.jpg
                - Verarbeitungszeit: 0.45s
                - Größenreduzierung: 97.5%
                - Finale Größe: 95.0KB
            
2024-11-01 13:07:05,890 - INFO - Starte Verarbeitung von: C:/Users/Agron/Downloads/opt/2k.jpg
2024-11-01 13:07:06,354 - INFO - 
                Verarbeitung abgeschlossen:
                - Datei: C:/Users/Agron/Downloads/opt/2k.jpg
                - Verarbeitungszeit: 0.46s
                - Größenreduzierung: 97.5%
                - Finale Größe: 95.0KB
            
2024-11-01 13:07:07,565 - INFO - Starte Verarbeitung von: C:/Users/Agron/Downloads/opt/2k.jpg
2024-11-01 13:07:08,026 - INFO - 
                Verarbeitung abgeschlossen:
                - Datei: C:/Users/Agron/Downloads/opt/2k.jpg
                - Verarbeitungszeit: 0.46s
                - Größenreduzierung: 97.5%
                - Finale Größe: 95.0KB
            
2024-11-01 13:07:08,143 - INFO - Starte Verarbeitung von: C:/Users/Agron/Downloads/opt/2k.jpg
2024-11-01 13:07:08,608 - INFO - 
                Verarbeitung abgeschlossen:
                - Datei: C:/Users/Agron/Downloads/opt/2k.jpg
                - Verarbeitungszeit: 0.47s
                - Größenreduzierung: 97.5%
                - Finale Größe: 94.3KB
            
2024-11-01 13:07:08,934 - INFO - Starte Verarbeitung von: C:/Users/Agron/Downloads/opt/2k.jpg
2024-11-01 13:07:09,396 - INFO - 
                Verarbeitung abgeschlossen:
                - Datei: C:/Users/Agron/Downloads/opt/2k.jpg
                - Verarbeitungszeit: 0.46s
                - Größenreduzierung: 97.5%
                - Finale Größe: 94.3KB
            
2024-11-01 13:07:17,991 - INFO - Starte Verarbeitung von: C:/Users/Agron/Downloads/opt/2k.jpg
2024-11-01 13:07:18,473 - INFO - 
                Verarbeitung abgeschlossen:
                - Datei: C:/Users/Agron/Downloads/opt/2k.jpg
                - Verarbeitungszeit: 0.48s
                - Größenreduzierung: 97.5%
                - Finale Größe: 95.3KB
            
2024-11-01 13:07:18,585 - INFO - Starte Verarbeitung von: C:/Users/Agron/Downloads/opt/2k.jpg
2024-11-01 13:07:19,088 - INFO - 
                Verarbeitung abgeschlossen:
                - Datei: C:/Users/Agron/Downloads/opt/2k.jpg
                - Verarbeitungszeit: 0.50s
                - Größenreduzierung: 96.5%
                - Finale Größe: 131.7KB
            
2024-11-01 13:07:23,441 - INFO - Starte Verarbeitung von: C:/Users/Agron/Downloads/opt/2k.jpg
2024-11-01 13:07:23,973 - INFO - 
                Verarbeitung abgeschlossen:
                - Datei: C:/Users/Agron/Downloads/opt/2k.jpg
                - Verarbeitungszeit: 0.53s
                - Größenreduzierung: 96.5%
                - Finale Größe: 131.4KB
            
2024-11-01 13:07:24,087 - INFO - Starte Verarbeitung von: C:/Users/Agron/Downloads/opt/2k.jpg
2024-11-01 13:07:24,617 - INFO - 
                Verarbeitung abgeschlossen:
                - Datei: C:/Users/Agron/Downloads/opt/2k.jpg
                - Verarbeitungszeit: 0.53s
                - Größenreduzierung: 96.2%
                - Finale Größe: 141.6KB
            
2024-11-01 13:09:57,685 - INFO - Starte Verarbeitung von: C:/Users/Agron/Downloads/opt/2k.jpg
2024-11-01 13:09:58,136 - INFO - 
                Verarbeitung abgeschlossen:
                - Datei: C:/Users/Agron/Downloads/opt/2k.jpg
                - Verarbeitungszeit: 0.45s
                - Größenreduzierung: 97.9%
                - Finale Größe: 77.2KB
            
2024-11-01 13:10:07,993 - INFO - Starte Verarbeitung von: C:/Users/Agron/Downloads/opt/2k.jpg
2024-11-01 13:10:08,435 - INFO - 
                Verarbeitung abgeschlossen:
                - Datei: C:/Users/Agron/Downloads/opt/2k.jpg
                - Verarbeitungszeit: 0.44s
                - Größenreduzierung: 97.9%
                - Finale Größe: 77.8KB
            
2024-11-01 13:10:08,545 - INFO - Starte Verarbeitung von: C:/Users/Agron/Downloads/opt/2k.jpg
2024-11-01 13:10:09,002 - INFO - 
                Verarbeitung abgeschlossen:
                - Datei: C:/Users/Agron/Downloads/opt/2k.jpg
                - Verarbeitungszeit: 0.46s
                - Größenreduzierung: 97.4%
                - Finale Größe: 96.8KB
            
2024-11-01 13:10:11,796 - INFO - Starte Verarbeitung von: C:/Users/Agron/Downloads/opt/2k.jpg
2024-11-01 13:10:11,935 - INFO - 
                Verarbeitung abgeschlossen:
                - Datei: C:/Users/Agron/Downloads/opt/2k.jpg
                - Verarbeitungszeit: 0.14s
                - Größenreduzierung: 99.7%
                - Finale Größe: 10.2KB
            
2024-11-01 13:10:13,761 - INFO - Starte Verarbeitung von: C:/Users/Agron/Downloads/opt/2k.jpg
2024-11-01 13:10:16,008 - INFO - 
                Verarbeitung abgeschlossen:
                - Datei: C:/Users/Agron/Downloads/opt/2k.jpg
                - Verarbeitungszeit: 2.25s
                - Größenreduzierung: -30.9%
                - Finale Größe: 4917.9KB
            
2024-11-01 13:10:17,924 - INFO - Starte Verarbeitung von: C:/Users/Agron/Downloads/opt/2k.jpg
2024-11-01 13:10:18,015 - INFO - 
                Verarbeitung abgeschlossen:
                - Datei: C:/Users/Agron/Downloads/opt/2k.jpg
                - Verarbeitungszeit: 0.09s
                - Größenreduzierung: 97.1%
                - Finale Größe: 108.2KB
            
2024-11-01 13:10:18,994 - INFO - Starte Verarbeitung von: C:/Users/Agron/Downloads/opt/2k.jpg
2024-11-01 13:10:19,417 - INFO - 
                Verarbeitung abgeschlossen:
                - Datei: C:/Users/Agron/Downloads/opt/2k.jpg
                - Verarbeitungszeit: 0.42s
                - Größenreduzierung: 97.9%
                - Finale Größe: 77.2KB
            
2024-11-01 13:10:25,973 - INFO - Starte Verarbeitung von: C:/Users/Agron/Downloads/opt/2k.jpg
2024-11-01 13:10:26,056 - ERROR - Fehler bei der Verarbeitung von C:/Users/Agron/Downloads/opt/2k.jpg: height and width must be > 0
2024-11-01 13:10:26,190 - INFO - Starte Verarbeitung von: C:/Users/Agron/Downloads/opt/2k.jpg
2024-11-01 13:10:26,281 - INFO - 
                Verarbeitung abgeschlossen:
                - Datei: C:/Users/Agron/Downloads/opt/2k.jpg
                - Verarbeitungszeit: 0.09s
                - Größenreduzierung: 100.0%
                - Finale Größe: 0.1KB
            
2024-11-01 13:10:27,933 - INFO - Starte Verarbeitung von: C:/Users/Agron/Downloads/opt/2k.jpg
2024-11-01 13:10:28,014 - ERROR - Fehler bei der Verarbeitung von C:/Users/Agron/Downloads/opt/2k.jpg: height and width must be > 0
2024-11-01 13:10:28,082 - INFO - Starte Verarbeitung von: C:/Users/Agron/Downloads/opt/2k.jpg
2024-11-01 13:10:28,506 - INFO - 
                Verarbeitung abgeschlossen:
                - Datei: C:/Users/Agron/Downloads/opt/2k.jpg
                - Verarbeitungszeit: 0.42s
                - Größenreduzierung: 97.9%
                - Finale Größe: 77.2KB
            
2024-11-01 13:10:29,740 - INFO - Starte Verarbeitung von: C:/Users/Agron/Downloads/opt/2k.jpg
2024-11-01 13:10:29,821 - ERROR - Fehler bei der Verarbeitung von C:/Users/Agron/Downloads/opt/2k.jpg: height and width must be > 0
2024-11-01 13:10:29,930 - INFO - Starte Verarbeitung von: C:/Users/Agron/Downloads/opt/2k.jpg
2024-11-01 13:10:30,021 - INFO - 
                Verarbeitung abgeschlossen:
                - Datei: C:/Users/Agron/Downloads/opt/2k.jpg
                - Verarbeitungszeit: 0.09s
                - Größenreduzierung: 100.0%
                - Finale Größe: 0.1KB
            
2024-11-01 13:10:32,544 - INFO - Starte Verarbeitung von: C:/Users/Agron/Downloads/opt/2k.jpg
2024-11-01 13:10:32,633 - INFO - 
                Verarbeitung abgeschlossen:
                - Datei: C:/Users/Agron/Downloads/opt/2k.jpg
                - Verarbeitungszeit: 0.09s
                - Größenreduzierung: 100.0%
                - Finale Größe: 0.1KB
            
2024-11-01 13:10:32,735 - INFO - Starte Verarbeitung von: C:/Users/Agron/Downloads/opt/2k.jpg
2024-11-01 13:10:32,827 - INFO - 
                Verarbeitung abgeschlossen:
                - Datei: C:/Users/Agron/Downloads/opt/2k.jpg
                - Verarbeitungszeit: 0.09s
                - Größenreduzierung: 100.0%
                - Finale Größe: 0.2KB
            
2024-11-01 13:10:32,928 - INFO - Starte Verarbeitung von: C:/Users/Agron/Downloads/opt/2k.jpg
2024-11-01 13:10:33,044 - INFO - 
                Verarbeitung abgeschlossen:
                - Datei: C:/Users/Agron/Downloads/opt/2k.jpg
                - Verarbeitungszeit: 0.12s
                - Größenreduzierung: 99.8%
                - Finale Größe: 8.3KB
            
2024-11-01 13:10:39,841 - INFO - Starte Verarbeitung von: C:/Users/Agron/Downloads/opt/2k.jpg
2024-11-01 13:10:39,939 - INFO - 
                Verarbeitung abgeschlossen:
                - Datei: C:/Users/Agron/Downloads/opt/2k.jpg
                - Verarbeitungszeit: 0.10s
                - Größenreduzierung: 100.0%
                - Finale Größe: 0.2KB
            
2024-11-01 13:10:40,040 - INFO - Starte Verarbeitung von: C:/Users/Agron/Downloads/opt/2k.jpg
2024-11-01 13:10:40,147 - INFO - 
                Verarbeitung abgeschlossen:
                - Datei: C:/Users/Agron/Downloads/opt/2k.jpg
                - Verarbeitungszeit: 0.11s
                - Größenreduzierung: 100.0%
                - Finale Größe: 0.8KB
            
2024-11-01 13:10:40,251 - INFO - Starte Verarbeitung von: C:/Users/Agron/Downloads/opt/2k.jpg
2024-11-01 13:10:40,362 - INFO - 
                Verarbeitung abgeschlossen:
                - Datei: C:/Users/Agron/Downloads/opt/2k.jpg
                - Verarbeitungszeit: 0.11s
                - Größenreduzierung: 99.8%
                - Finale Größe: 6.1KB
            
2024-11-01 13:10:46,389 - INFO - Starte Verarbeitung von: C:/Users/Agron/Downloads/opt/2k.jpg
2024-11-01 13:10:46,480 - INFO - 
                Verarbeitung abgeschlossen:
                - Datei: C:/Users/Agron/Downloads/opt/2k.jpg
                - Verarbeitungszeit: 0.09s
                - Größenreduzierung: 100.0%
                - Finale Größe: 0.2KB
            
2024-11-01 13:10:46,581 - INFO - Starte Verarbeitung von: C:/Users/Agron/Downloads/opt/2k.jpg
2024-11-01 13:10:46,677 - INFO - 
                Verarbeitung abgeschlossen:
                - Datei: C:/Users/Agron/Downloads/opt/2k.jpg
                - Verarbeitungszeit: 0.10s
                - Größenreduzierung: 100.0%
                - Finale Größe: 0.9KB
            
2024-11-01 13:10:46,778 - INFO - Starte Verarbeitung von: C:/Users/Agron/Downloads/opt/2k.jpg
2024-11-01 13:10:46,887 - INFO - 
                Verarbeitung abgeschlossen:
                - Datei: C:/Users/Agron/Downloads/opt/2k.jpg
                - Verarbeitungszeit: 0.11s
                - Größenreduzierung: 99.8%
                - Finale Größe: 6.1KB
            
2024-11-01 13:10:48,280 - INFO - Starte Verarbeitung von: C:/Users/Agron/Downloads/opt/2k.jpg
2024-11-01 13:10:48,380 - INFO - 
                Verarbeitung abgeschlossen:
                - Datei: C:/Users/Agron/Downloads/opt/2k.jpg
                - Verarbeitungszeit: 0.10s
                - Größenreduzierung: 100.0%
                - Finale Größe: 0.3KB
            
2024-11-01 13:10:48,483 - INFO - Starte Verarbeitung von: C:/Users/Agron/Downloads/opt/2k.jpg
2024-11-01 13:10:48,588 - INFO - 
                Verarbeitung abgeschlossen:
                - Datei: C:/Users/Agron/Downloads/opt/2k.jpg
                - Verarbeitungszeit: 0.11s
                - Größenreduzierung: 100.0%
                - Finale Größe: 1.8KB
            
2024-11-01 13:10:48,690 - INFO - Starte Verarbeitung von: C:/Users/Agron/Downloads/opt/2k.jpg
2024-11-01 13:10:48,820 - INFO - 
                Verarbeitung abgeschlossen:
                - Datei: C:/Users/Agron/Downloads/opt/2k.jpg
                - Verarbeitungszeit: 0.13s
                - Größenreduzierung: 99.6%
                - Finale Größe: 13.4KB
            
2024-11-01 13:10:56,830 - INFO - Starte Verarbeitung von: C:/Users/Agron/Downloads/opt/2k.jpg
2024-11-01 13:10:57,256 - INFO - 
                Verarbeitung abgeschlossen:
                - Datei: C:/Users/Agron/Downloads/opt/2k.jpg
                - Verarbeitungszeit: 0.43s
                - Größenreduzierung: 97.9%
                - Finale Größe: 79.0KB
            
2024-11-01 13:10:57,367 - INFO - Starte Verarbeitung von: C:/Users/Agron/Downloads/opt/2k.jpg
2024-11-01 13:10:57,852 - INFO - 
                Verarbeitung abgeschlossen:
                - Datei: C:/Users/Agron/Downloads/opt/2k.jpg
                - Verarbeitungszeit: 0.48s
                - Größenreduzierung: 96.3%
                - Finale Größe: 139.9KB
            
2024-11-01 13:10:57,968 - INFO - Starte Verarbeitung von: C:/Users/Agron/Downloads/opt/2k.jpg
2024-11-01 13:10:58,404 - INFO - 
                Verarbeitung abgeschlossen:
                - Datei: C:/Users/Agron/Downloads/opt/2k.jpg
                - Verarbeitungszeit: 0.44s
                - Größenreduzierung: 97.6%
                - Finale Größe: 90.8KB
            
2024-11-01 13:10:58,520 - INFO - Starte Verarbeitung von: C:/Users/Agron/Downloads/opt/2k.jpg
2024-11-01 13:10:58,892 - INFO - 
                Verarbeitung abgeschlossen:
                - Datei: C:/Users/Agron/Downloads/opt/2k.jpg
                - Verarbeitungszeit: 0.37s
                - Größenreduzierung: 99.0%
                - Finale Größe: 36.2KB
            
2024-11-01 13:10:59,885 - INFO - Starte Verarbeitung von: C:/Users/Agron/Downloads/opt/2k.jpg
2024-11-01 13:11:00,270 - INFO - 
                Verarbeitung abgeschlossen:
                - Datei: C:/Users/Agron/Downloads/opt/2k.jpg
                - Verarbeitungszeit: 0.39s
                - Größenreduzierung: 98.7%
                - Finale Größe: 47.0KB
            
2024-11-01 13:11:00,379 - INFO - Starte Verarbeitung von: C:/Users/Agron/Downloads/opt/2k.jpg
2024-11-01 13:11:00,924 - INFO - 
                Verarbeitung abgeschlossen:
                - Datei: C:/Users/Agron/Downloads/opt/2k.jpg
                - Verarbeitungszeit: 0.55s
                - Größenreduzierung: 93.3%
                - Finale Größe: 251.9KB
            
2024-11-01 13:11:01,042 - INFO - Starte Verarbeitung von: C:/Users/Agron/Downloads/opt/2k.jpg
2024-11-01 13:11:02,005 - INFO - 
                Verarbeitung abgeschlossen:
                - Datei: C:/Users/Agron/Downloads/opt/2k.jpg
                - Verarbeitungszeit: 0.96s
                - Größenreduzierung: 74.2%
                - Finale Größe: 968.5KB
            
2024-11-01 13:11:03,213 - INFO - Starte Verarbeitung von: C:/Users/Agron/Downloads/opt/2k.jpg
2024-11-01 13:11:04,162 - INFO - 
                Verarbeitung abgeschlossen:
                - Datei: C:/Users/Agron/Downloads/opt/2k.jpg
                - Verarbeitungszeit: 0.95s
                - Größenreduzierung: 74.6%
                - Finale Größe: 953.9KB
            
2024-11-01 13:11:04,303 - INFO - Starte Verarbeitung von: C:/Users/Agron/Downloads/opt/2k.jpg
2024-11-01 13:11:04,674 - INFO - 
                Verarbeitung abgeschlossen:
                - Datei: C:/Users/Agron/Downloads/opt/2k.jpg
                - Verarbeitungszeit: 0.37s
                - Größenreduzierung: 99.0%
                - Finale Größe: 36.2KB
            
2024-11-01 13:14:27,680 - INFO - Starte Verarbeitung von: C:/Users/Agron/Downloads/opt/2k.jpg
2024-11-01 13:14:28,107 - INFO - 
                Verarbeitung abgeschlossen:
                - Datei: C:/Users/Agron/Downloads/opt/2k.jpg
                - Verarbeitungszeit: 0.43s
                - Größenreduzierung: 98.0%
                - Finale Größe: 76.5KB
            
2024-11-01 13:14:28,220 - INFO - Starte Verarbeitung von: C:/Users/Agron/Downloads/opt/2k.jpg
2024-11-01 13:14:28,643 - INFO - 
                Verarbeitung abgeschlossen:
                - Datei: C:/Users/Agron/Downloads/opt/2k.jpg
                - Verarbeitungszeit: 0.42s
                - Größenreduzierung: 97.9%
                - Finale Größe: 77.8KB
            
2024-11-01 13:14:29,203 - INFO - Starte Verarbeitung von: C:/Users/Agron/Downloads/opt/2k.jpg
2024-11-01 13:14:29,633 - INFO - 
                Verarbeitung abgeschlossen:
                - Datei: C:/Users/Agron/Downloads/opt/2k.jpg
                - Verarbeitungszeit: 0.43s
                - Größenreduzierung: 98.0%
                - Finale Größe: 76.4KB
            
2024-11-01 13:14:29,848 - INFO - Starte Verarbeitung von: C:/Users/Agron/Downloads/opt/2k.jpg
2024-11-01 13:14:30,267 - INFO - 
                Verarbeitung abgeschlossen:
                - Datei: C:/Users/Agron/Downloads/opt/2k.jpg
                - Verarbeitungszeit: 0.42s
                - Größenreduzierung: 97.9%
                - Finale Größe: 77.2KB
            
2024-11-01 13:14:31,360 - INFO - Starte Verarbeitung von: C:/Users/Agron/Downloads/opt/2k.jpg
2024-11-01 13:14:31,794 - INFO - 
                Verarbeitung abgeschlossen:
                - Datei: C:/Users/Agron/Downloads/opt/2k.jpg
                - Verarbeitungszeit: 0.43s
                - Größenreduzierung: 98.0%
                - Finale Größe: 76.4KB
            
2024-11-01 13:14:32,499 - INFO - Starte Verarbeitung von: C:/Users/Agron/Downloads/opt/2k.jpg
2024-11-01 13:14:32,930 - INFO - 
                Verarbeitung abgeschlossen:
                - Datei: C:/Users/Agron/Downloads/opt/2k.jpg
                - Verarbeitungszeit: 0.43s
                - Größenreduzierung: 97.9%
                - Finale Größe: 77.2KB
            
2024-11-01 13:15:07,740 - INFO - Starte Verarbeitung von: C:/Users/Agron/Downloads/opt/2k.jpg
2024-11-01 13:15:08,128 - INFO - 
                Verarbeitung abgeschlossen:
                - Datei: C:/Users/Agron/Downloads/opt/2k.jpg
                - Verarbeitungszeit: 0.39s
                - Größenreduzierung: 98.7%
                - Finale Größe: 47.0KB
            
2024-11-01 13:15:08,243 - INFO - Starte Verarbeitung von: C:/Users/Agron/Downloads/opt/2k.jpg
2024-11-01 13:15:09,213 - INFO - 
                Verarbeitung abgeschlossen:
                - Datei: C:/Users/Agron/Downloads/opt/2k.jpg
                - Verarbeitungszeit: 0.97s
                - Größenreduzierung: 74.2%
                - Finale Größe: 968.5KB
            
2024-11-01 13:15:11,207 - INFO - Starte Verarbeitung von: C:/Users/Agron/Downloads/opt/2k.jpg
2024-11-01 13:15:12,159 - INFO - 
                Verarbeitung abgeschlossen:
                - Datei: C:/Users/Agron/Downloads/opt/2k.jpg
                - Verarbeitungszeit: 0.95s
                - Größenreduzierung: 74.6%
                - Finale Größe: 953.9KB
            
2024-11-01 13:15:12,301 - INFO - Starte Verarbeitung von: C:/Users/Agron/Downloads/opt/2k.jpg
2024-11-01 13:15:12,747 - INFO - 
                Verarbeitung abgeschlossen:
                - Datei: C:/Users/Agron/Downloads/opt/2k.jpg
                - Verarbeitungszeit: 0.45s
                - Größenreduzierung: 97.6%
                - Finale Größe: 90.8KB
            
2024-11-01 13:16:06,876 - INFO - Starte Verarbeitung von: C:/Users/Agron/Downloads/opt/2k.jpg
2024-11-01 13:16:07,332 - INFO - 
                Verarbeitung abgeschlossen:
                - Datei: C:/Users/Agron/Downloads/opt/2k.jpg
                - Verarbeitungszeit: 0.46s
                - Größenreduzierung: 97.9%
                - Finale Größe: 77.2KB
            
2024-11-01 13:16:19,389 - INFO - Starte Verarbeitung von: C:/Users/Agron/Downloads/opt/2k.jpg
2024-11-01 13:16:19,830 - INFO - 
                Verarbeitung abgeschlossen:
                - Datei: C:/Users/Agron/Downloads/opt/2k.jpg
                - Verarbeitungszeit: 0.44s
                - Größenreduzierung: 97.9%
                - Finale Größe: 77.8KB
            
2024-11-01 13:16:19,942 - INFO - Starte Verarbeitung von: C:/Users/Agron/Downloads/opt/2k.jpg
2024-11-01 13:16:20,408 - INFO - 
                Verarbeitung abgeschlossen:
                - Datei: C:/Users/Agron/Downloads/opt/2k.jpg
                - Verarbeitungszeit: 0.47s
                - Größenreduzierung: 97.2%
                - Finale Größe: 105.5KB
            
2024-11-01 13:16:22,145 - INFO - Starte Verarbeitung von: C:/Users/Agron/Downloads/opt/2k.jpg
2024-11-01 13:16:22,612 - INFO - 
                Verarbeitung abgeschlossen:
                - Datei: C:/Users/Agron/Downloads/opt/2k.jpg
                - Verarbeitungszeit: 0.47s
                - Größenreduzierung: 97.2%
                - Finale Größe: 105.0KB
            
2024-11-01 13:16:22,725 - INFO - Starte Verarbeitung von: C:/Users/Agron/Downloads/opt/2k.jpg
2024-11-01 13:16:23,157 - INFO - 
                Verarbeitung abgeschlossen:
                - Datei: C:/Users/Agron/Downloads/opt/2k.jpg
                - Verarbeitungszeit: 0.43s
                - Größenreduzierung: 98.0%
                - Finale Größe: 74.6KB
            
2024-11-01 13:16:24,070 - INFO - Starte Verarbeitung von: C:/Users/Agron/Downloads/opt/2k.jpg
2024-11-01 13:16:24,491 - INFO - 
                Verarbeitung abgeschlossen:
                - Datei: C:/Users/Agron/Downloads/opt/2k.jpg
                - Verarbeitungszeit: 0.42s
                - Größenreduzierung: 97.9%
                - Finale Größe: 77.2KB
            
2024-11-01 13:16:24,600 - INFO - Starte Verarbeitung von: C:/Users/Agron/Downloads/opt/2k.jpg
2024-11-01 13:16:25,022 - INFO - 
                Verarbeitung abgeschlossen:
                - Datei: C:/Users/Agron/Downloads/opt/2k.jpg
                - Verarbeitungszeit: 0.42s
                - Größenreduzierung: 97.9%
                - Finale Größe: 77.2KB
            
2024-11-01 13:16:25,131 - INFO - Starte Verarbeitung von: C:/Users/Agron/Downloads/opt/2k.jpg
2024-11-01 13:16:25,553 - INFO - 
                Verarbeitung abgeschlossen:
                - Datei: C:/Users/Agron/Downloads/opt/2k.jpg
                - Verarbeitungszeit: 0.42s
                - Größenreduzierung: 97.9%
                - Finale Größe: 77.2KB
            
2024-11-01 13:16:25,663 - INFO - Starte Verarbeitung von: C:/Users/Agron/Downloads/opt/2k.jpg
2024-11-01 13:16:26,087 - INFO - 
                Verarbeitung abgeschlossen:
                - Datei: C:/Users/Agron/Downloads/opt/2k.jpg
                - Verarbeitungszeit: 0.42s
                - Größenreduzierung: 97.9%
                - Finale Größe: 77.2KB
            
2024-11-01 13:16:26,196 - INFO - Starte Verarbeitung von: C:/Users/Agron/Downloads/opt/2k.jpg
2024-11-01 13:16:26,617 - INFO - 
                Verarbeitung abgeschlossen:
                - Datei: C:/Users/Agron/Downloads/opt/2k.jpg
                - Verarbeitungszeit: 0.42s
                - Größenreduzierung: 97.9%
                - Finale Größe: 77.2KB
            
2024-11-01 13:16:26,727 - INFO - Starte Verarbeitung von: C:/Users/Agron/Downloads/opt/2k.jpg
2024-11-01 13:16:27,149 - INFO - 
                Verarbeitung abgeschlossen:
                - Datei: C:/Users/Agron/Downloads/opt/2k.jpg
                - Verarbeitungszeit: 0.42s
                - Größenreduzierung: 97.9%
                - Finale Größe: 77.2KB
            
2024-11-01 13:29:25,735 - INFO - Starte Verarbeitung von: C:/Users/Agron/Downloads/opt/2k.jpg
2024-11-01 13:29:26,189 - INFO - 
                Verarbeitung abgeschlossen:
                - Datei: C:/Users/Agron/Downloads/opt/2k.jpg
                - Verarbeitungszeit: 0.46s
                - Größenreduzierung: 97.9%
                - Finale Größe: 77.2KB
            
2024-11-01 13:29:34,013 - INFO - Starte Verarbeitung von: C:/Users/Agron/Downloads/opt/401.webp
2024-11-01 13:29:34,252 - INFO - 
                Verarbeitung abgeschlossen:
                - Datei: C:/Users/Agron/Downloads/opt/401.webp
                - Verarbeitungszeit: 0.24s
                - Größenreduzierung: 86.1%
                - Finale Größe: 55.8KB
            
2024-11-01 13:29:39,992 - INFO - Starte Verarbeitung von: C:/Users/Agron/Downloads/opt/401.webp
2024-11-01 13:29:40,239 - INFO - 
                Verarbeitung abgeschlossen:
                - Datei: C:/Users/Agron/Downloads/opt/401.webp
                - Verarbeitungszeit: 0.25s
                - Größenreduzierung: 85.9%
                - Finale Größe: 56.6KB
            
2024-11-01 13:29:40,248 - INFO - Starte Verarbeitung von: C:/Users/Agron/Downloads/opt/401.webp
2024-11-01 13:29:40,506 - INFO - 
                Verarbeitung abgeschlossen:
                - Datei: C:/Users/Agron/Downloads/opt/401.webp
                - Verarbeitungszeit: 0.26s
                - Größenreduzierung: 83.0%
                - Finale Größe: 68.2KB
            
2024-11-01 13:29:41,609 - INFO - Starte Verarbeitung von: C:/Users/Agron/Downloads/opt/401.webp
2024-11-01 13:29:41,867 - INFO - 
                Verarbeitung abgeschlossen:
                - Datei: C:/Users/Agron/Downloads/opt/401.webp
                - Verarbeitungszeit: 0.26s
                - Größenreduzierung: 82.9%
                - Finale Größe: 68.3KB
            
2024-11-01 13:29:41,877 - INFO - Starte Verarbeitung von: C:/Users/Agron/Downloads/opt/401.webp
2024-11-01 13:29:42,126 - INFO - 
                Verarbeitung abgeschlossen:
                - Datei: C:/Users/Agron/Downloads/opt/401.webp
                - Verarbeitungszeit: 0.25s
                - Größenreduzierung: 83.3%
                - Finale Größe: 67.0KB
            
2024-11-01 13:29:42,135 - INFO - Starte Verarbeitung von: C:/Users/Agron/Downloads/opt/401.webp
2024-11-01 13:29:42,383 - INFO - 
                Verarbeitung abgeschlossen:
                - Datei: C:/Users/Agron/Downloads/opt/401.webp
                - Verarbeitungszeit: 0.25s
                - Größenreduzierung: 83.3%
                - Finale Größe: 66.8KB
            
2024-11-01 13:29:43,268 - INFO - Starte Verarbeitung von: C:/Users/Agron/Downloads/opt/401.webp
2024-11-01 13:29:43,530 - INFO - 
                Verarbeitung abgeschlossen:
                - Datei: C:/Users/Agron/Downloads/opt/401.webp
                - Verarbeitungszeit: 0.26s
                - Größenreduzierung: 83.7%
                - Finale Größe: 65.2KB
            
2024-11-01 13:29:43,538 - INFO - Starte Verarbeitung von: C:/Users/Agron/Downloads/opt/401.webp
2024-11-01 13:29:43,748 - INFO - 
                Verarbeitung abgeschlossen:
                - Datei: C:/Users/Agron/Downloads/opt/401.webp
                - Verarbeitungszeit: 0.21s
                - Größenreduzierung: 93.7%
                - Finale Größe: 25.2KB
            
2024-11-01 13:29:46,117 - INFO - Starte Verarbeitung von: C:/Users/Agron/Downloads/opt/401.webp
2024-11-01 13:29:46,354 - INFO - 
                Verarbeitung abgeschlossen:
                - Datei: C:/Users/Agron/Downloads/opt/401.webp
                - Verarbeitungszeit: 0.24s
                - Größenreduzierung: 91.1%
                - Finale Größe: 35.7KB
            
2024-11-01 13:29:46,363 - INFO - Starte Verarbeitung von: C:/Users/Agron/Downloads/opt/401.webp
2024-11-01 13:29:46,806 - INFO - 
                Verarbeitung abgeschlossen:
                - Datei: C:/Users/Agron/Downloads/opt/401.webp
                - Verarbeitungszeit: 0.44s
                - Größenreduzierung: -40.8%
                - Finale Größe: 564.1KB
            
2024-11-01 13:29:48,095 - INFO - Starte Verarbeitung von: C:/Users/Agron/Downloads/opt/401.webp
2024-11-01 13:29:48,539 - INFO - 
                Verarbeitung abgeschlossen:
                - Datei: C:/Users/Agron/Downloads/opt/401.webp
                - Verarbeitungszeit: 0.44s
                - Größenreduzierung: -38.5%
                - Finale Größe: 554.8KB
            
2024-11-01 13:29:48,562 - INFO - Starte Verarbeitung von: C:/Users/Agron/Downloads/opt/401.webp
2024-11-01 13:29:48,773 - INFO - 
                Verarbeitung abgeschlossen:
                - Datei: C:/Users/Agron/Downloads/opt/401.webp
                - Verarbeitungszeit: 0.21s
                - Größenreduzierung: 93.7%
                - Finale Größe: 25.2KB
            
2024-11-01 13:29:53,255 - INFO - Starte Verarbeitung von: C:/Users/Agron/Downloads/opt/401.webp
2024-11-01 13:29:53,492 - INFO - 
                Verarbeitung abgeschlossen:
                - Datei: C:/Users/Agron/Downloads/opt/401.webp
                - Verarbeitungszeit: 0.24s
                - Größenreduzierung: 86.1%
                - Finale Größe: 55.8KB
            
2024-11-01 13:29:54,947 - INFO - Starte Verarbeitung von: C:/Users/Agron/Downloads/opt/2k.jpg
2024-11-01 13:29:55,355 - INFO - 
                Verarbeitung abgeschlossen:
                - Datei: C:/Users/Agron/Downloads/opt/2k.jpg
                - Verarbeitungszeit: 0.41s
                - Größenreduzierung: 98.7%
                - Finale Größe: 48.1KB
            
2024-11-01 13:29:57,245 - INFO - Starte Verarbeitung von: C:/Users/Agron/Downloads/opt/401.webp
2024-11-01 13:29:57,488 - INFO - 
                Verarbeitung abgeschlossen:
                - Datei: C:/Users/Agron/Downloads/opt/401.webp
                - Verarbeitungszeit: 0.24s
                - Größenreduzierung: 86.1%
                - Finale Größe: 55.8KB
            
2024-11-01 13:30:01,251 - INFO - Starte Verarbeitung von: C:/Users/Agron/Downloads/opt/401.webp
2024-11-01 13:30:01,463 - INFO - 
                Verarbeitung abgeschlossen:
                - Datei: C:/Users/Agron/Downloads/opt/401.webp
                - Verarbeitungszeit: 0.21s
                - Größenreduzierung: 93.7%
                - Finale Größe: 25.2KB
            
2024-11-01 13:30:01,471 - INFO - Starte Verarbeitung von: C:/Users/Agron/Downloads/opt/401.webp
2024-11-01 13:30:01,650 - INFO - 
                Verarbeitung abgeschlossen:
                - Datei: C:/Users/Agron/Downloads/opt/401.webp
                - Verarbeitungszeit: 0.18s
                - Größenreduzierung: 96.9%
                - Finale Größe: 12.5KB
            
2024-11-01 13:30:01,657 - INFO - Starte Verarbeitung von: C:/Users/Agron/Downloads/opt/401.webp
2024-11-01 13:30:01,811 - INFO - 
                Verarbeitung abgeschlossen:
                - Datei: C:/Users/Agron/Downloads/opt/401.webp
                - Verarbeitungszeit: 0.15s
                - Größenreduzierung: 99.2%
                - Finale Größe: 3.2KB
            
2024-11-01 13:30:03,381 - INFO - Starte Verarbeitung von: C:/Users/Agron/Downloads/opt/401.webp
2024-11-01 13:30:03,554 - INFO - 
                Verarbeitung abgeschlossen:
                - Datei: C:/Users/Agron/Downloads/opt/401.webp
                - Verarbeitungszeit: 0.17s
                - Größenreduzierung: 99.2%
                - Finale Größe: 3.3KB
            
2024-11-01 13:30:03,561 - INFO - Starte Verarbeitung von: C:/Users/Agron/Downloads/opt/401.webp
2024-11-01 13:30:03,734 - INFO - 
                Verarbeitung abgeschlossen:
                - Datei: C:/Users/Agron/Downloads/opt/401.webp
                - Verarbeitungszeit: 0.17s
                - Größenreduzierung: 98.7%
                - Finale Größe: 5.1KB
            
2024-11-01 13:30:03,741 - INFO - Starte Verarbeitung von: C:/Users/Agron/Downloads/opt/401.webp
2024-11-01 13:30:03,910 - INFO - 
                Verarbeitung abgeschlossen:
                - Datei: C:/Users/Agron/Downloads/opt/401.webp
                - Verarbeitungszeit: 0.17s
                - Größenreduzierung: 98.6%
                - Finale Größe: 5.5KB
            
2024-11-01 13:30:03,916 - INFO - Starte Verarbeitung von: C:/Users/Agron/Downloads/opt/401.webp
2024-11-01 13:30:04,086 - INFO - 
                Verarbeitung abgeschlossen:
                - Datei: C:/Users/Agron/Downloads/opt/401.webp
                - Verarbeitungszeit: 0.17s
                - Größenreduzierung: 98.6%
                - Finale Größe: 5.6KB
            
2024-11-01 13:30:08,452 - INFO - Starte Verarbeitung von: C:/Users/Agron/Downloads/opt/401.webp
2024-11-01 13:30:08,621 - INFO - 
                Verarbeitung abgeschlossen:
                - Datei: C:/Users/Agron/Downloads/opt/401.webp
                - Verarbeitungszeit: 0.17s
                - Größenreduzierung: 98.6%
                - Finale Größe: 5.6KB
            
2024-11-01 13:31:17,466 - INFO - Starte Verarbeitung von: C:/Users/Agron/Downloads/opt/2k.jpg
2024-11-01 13:31:17,917 - INFO - 
                Verarbeitung abgeschlossen:
                - Datei: C:/Users/Agron/Downloads/opt/2k.jpg
                - Verarbeitungszeit: 0.45s
                - Größenreduzierung: 97.9%
                - Finale Größe: 77.2KB
            
2024-11-01 13:31:21,254 - INFO - Starte Verarbeitung von: C:/Users/Agron/Downloads/opt/2k.jpg
2024-11-01 13:31:21,706 - INFO - 
                Verarbeitung abgeschlossen:
                - Datei: C:/Users/Agron/Downloads/opt/2k.jpg
                - Verarbeitungszeit: 0.45s
                - Größenreduzierung: 97.9%
                - Finale Größe: 77.8KB
            
2024-11-01 13:31:21,819 - INFO - Starte Verarbeitung von: C:/Users/Agron/Downloads/opt/2k.jpg
2024-11-01 13:31:22,292 - INFO - 
                Verarbeitung abgeschlossen:
                - Datei: C:/Users/Agron/Downloads/opt/2k.jpg
                - Verarbeitungszeit: 0.47s
                - Größenreduzierung: 97.1%
                - Finale Größe: 110.6KB
            
2024-11-01 13:31:23,261 - INFO - Starte Verarbeitung von: C:/Users/Agron/Downloads/opt/401.webp
2024-11-01 13:31:23,503 - INFO - 
                Verarbeitung abgeschlossen:
                - Datei: C:/Users/Agron/Downloads/opt/401.webp
                - Verarbeitungszeit: 0.24s
                - Größenreduzierung: 86.1%
                - Finale Größe: 55.8KB
            
2024-11-01 13:31:27,886 - INFO - Starte Verarbeitung von: C:/Users/Agron/Downloads/opt/401.webp
2024-11-01 13:31:28,123 - INFO - 
                Verarbeitung abgeschlossen:
                - Datei: C:/Users/Agron/Downloads/opt/401.webp
                - Verarbeitungszeit: 0.24s
                - Größenreduzierung: 86.1%
                - Finale Größe: 55.8KB
            
2024-11-01 13:31:29,474 - INFO - Starte Verarbeitung von: C:/Users/Agron/Downloads/opt/2k.jpg
2024-11-01 13:31:29,957 - INFO - 
                Verarbeitung abgeschlossen:
                - Datei: C:/Users/Agron/Downloads/opt/2k.jpg
                - Verarbeitungszeit: 0.48s
                - Größenreduzierung: 97.1%
                - Finale Größe: 110.6KB
            
2024-11-01 13:31:34,860 - INFO - Starte Verarbeitung von: C:/Users/Agron/Downloads/opt/401.webp
2024-11-01 13:31:35,108 - INFO - 
                Verarbeitung abgeschlossen:
                - Datei: C:/Users/Agron/Downloads/opt/401.webp
                - Verarbeitungszeit: 0.25s
                - Größenreduzierung: 86.1%
                - Finale Größe: 55.8KB
            
2024-11-01 13:31:42,658 - INFO - Starte Verarbeitung von: C:/Users/Agron/Downloads/opt/401.webp
2024-11-01 13:31:42,917 - INFO - 
                Verarbeitung abgeschlossen:
                - Datei: C:/Users/Agron/Downloads/opt/401.webp
                - Verarbeitungszeit: 0.26s
                - Größenreduzierung: 83.3%
                - Finale Größe: 66.9KB
            
2024-11-01 13:31:42,926 - INFO - Starte Verarbeitung von: C:/Users/Agron/Downloads/opt/401.webp
2024-11-01 13:31:43,152 - INFO - 
                Verarbeitung abgeschlossen:
                - Datei: C:/Users/Agron/Downloads/opt/401.webp
                - Verarbeitungszeit: 0.23s
                - Größenreduzierung: 90.0%
                - Finale Größe: 39.9KB
            
2024-11-01 13:31:43,734 - INFO - Starte Verarbeitung von: C:/Users/Agron/Downloads/opt/401.webp
2024-11-01 13:31:43,965 - INFO - 
                Verarbeitung abgeschlossen:
                - Datei: C:/Users/Agron/Downloads/opt/401.webp
                - Verarbeitungszeit: 0.23s
                - Größenreduzierung: 90.1%
                - Finale Größe: 39.6KB
            
2024-11-01 13:31:43,973 - INFO - Starte Verarbeitung von: C:/Users/Agron/Downloads/opt/401.webp
2024-11-01 13:31:44,186 - INFO - 
                Verarbeitung abgeschlossen:
                - Datei: C:/Users/Agron/Downloads/opt/401.webp
                - Verarbeitungszeit: 0.21s
                - Größenreduzierung: 92.7%
                - Finale Größe: 29.1KB
            
2024-11-01 13:31:44,194 - INFO - Starte Verarbeitung von: C:/Users/Agron/Downloads/opt/401.webp
2024-11-01 13:31:44,392 - INFO - 
                Verarbeitung abgeschlossen:
                - Datei: C:/Users/Agron/Downloads/opt/401.webp
                - Verarbeitungszeit: 0.20s
                - Größenreduzierung: 94.5%
                - Finale Größe: 22.0KB
            
2024-11-01 13:31:44,400 - INFO - Starte Verarbeitung von: C:/Users/Agron/Downloads/opt/401.webp
2024-11-01 13:31:44,595 - INFO - 
                Verarbeitung abgeschlossen:
                - Datei: C:/Users/Agron/Downloads/opt/401.webp
                - Verarbeitungszeit: 0.20s
                - Größenreduzierung: 95.1%
                - Finale Größe: 19.5KB
            
2024-11-01 13:31:44,603 - INFO - Starte Verarbeitung von: C:/Users/Agron/Downloads/opt/401.webp
2024-11-01 13:31:44,786 - INFO - 
                Verarbeitung abgeschlossen:
                - Datei: C:/Users/Agron/Downloads/opt/401.webp
                - Verarbeitungszeit: 0.18s
                - Größenreduzierung: 96.9%
                - Finale Größe: 12.5KB
            
2024-11-01 13:31:44,793 - INFO - Starte Verarbeitung von: C:/Users/Agron/Downloads/opt/401.webp
2024-11-01 13:31:44,964 - INFO - 
                Verarbeitung abgeschlossen:
                - Datei: C:/Users/Agron/Downloads/opt/401.webp
                - Verarbeitungszeit: 0.17s
                - Größenreduzierung: 97.7%
                - Finale Größe: 9.3KB
            
2024-11-01 13:31:44,970 - INFO - Starte Verarbeitung von: C:/Users/Agron/Downloads/opt/401.webp
2024-11-01 13:31:45,139 - INFO - 
                Verarbeitung abgeschlossen:
                - Datei: C:/Users/Agron/Downloads/opt/401.webp
                - Verarbeitungszeit: 0.17s
                - Größenreduzierung: 97.9%
                - Finale Größe: 8.3KB
            
2024-11-01 13:31:46,233 - INFO - Starte Verarbeitung von: C:/Users/Agron/Downloads/opt/401.webp
2024-11-01 13:31:46,399 - INFO - 
                Verarbeitung abgeschlossen:
                - Datei: C:/Users/Agron/Downloads/opt/401.webp
                - Verarbeitungszeit: 0.17s
                - Größenreduzierung: 97.9%
                - Finale Größe: 8.3KB
            
2024-11-01 13:31:55,674 - INFO - Starte Verarbeitung von: C:/Users/Agron/Downloads/opt/2k.jpg
2024-11-01 13:31:56,173 - INFO - 
                Verarbeitung abgeschlossen:
                - Datei: C:/Users/Agron/Downloads/opt/2k.jpg
                - Verarbeitungszeit: 0.50s
                - Größenreduzierung: 97.1%
                - Finale Größe: 110.6KB
            
2024-11-01 13:31:56,173 - INFO - Starte Verarbeitung von: C:/Users/Agron/Downloads/opt/401.webp
2024-11-01 13:31:56,351 - INFO - 
                Verarbeitung abgeschlossen:
                - Datei: C:/Users/Agron/Downloads/opt/401.webp
                - Verarbeitungszeit: 0.18s
                - Größenreduzierung: 97.9%
                - Finale Größe: 8.3KB
            
2024-11-01 13:34:43,873 - INFO - Starte Verarbeitung von: C:/Users/Agron/Downloads/opt/2k.jpg
2024-11-01 13:34:44,324 - INFO - 
                Verarbeitung abgeschlossen:
                - Datei: C:/Users/Agron/Downloads/opt/2k.jpg
                - Verarbeitungszeit: 0.45s
                - Größenreduzierung: 97.9%
                - Finale Größe: 77.2KB
            
2024-11-01 14:31:31,176 - INFO - Starte Verarbeitung von: C:/Users/Agron/Downloads/opt/2k.jpg
2024-11-01 14:31:31,629 - INFO - 
                Verarbeitung abgeschlossen:
                - Datei: C:/Users/Agron/Downloads/opt/2k.jpg
                - Verarbeitungszeit: 0.45s
                - Größenreduzierung: 97.9%
                - Finale Größe: 77.2KB
            
2024-11-01 14:32:02,492 - INFO - Starte Verarbeitung von: C:/Users/Agron/Downloads/opt/2k.jpg
2024-11-01 14:32:02,943 - INFO - 
                Verarbeitung abgeschlossen:
                - Datei: C:/Users/Agron/Downloads/opt/2k.jpg
                - Verarbeitungszeit: 0.45s
                - Größenreduzierung: 97.9%
                - Finale Größe: 77.2KB
            
2024-11-01 14:35:21,735 - INFO - Starte Verarbeitung von: C:/Users/Agron/Downloads/opt/2k.jpg
2024-11-01 14:35:22,198 - INFO - 
                Verarbeitung abgeschlossen:
                - Datei: C:/Users/Agron/Downloads/opt/2k.jpg
                - Verarbeitungszeit: 0.46s
                - Größenreduzierung: 97.9%
                - Finale Größe: 77.2KB
            
2024-11-01 14:35:24,498 - INFO - Starte Verarbeitung von: C:/Users/Agron/Downloads/opt/2k.jpg
2024-11-01 14:35:24,944 - INFO - 
                Verarbeitung abgeschlossen:
                - Datei: C:/Users/Agron/Downloads/opt/2k.jpg
                - Verarbeitungszeit: 0.45s
                - Größenreduzierung: 97.9%
                - Finale Größe: 77.8KB
            
2024-11-01 14:35:25,059 - INFO - Starte Verarbeitung von: C:/Users/Agron/Downloads/opt/2k.jpg
2024-11-01 14:35:25,536 - INFO - 
                Verarbeitung abgeschlossen:
                - Datei: C:/Users/Agron/Downloads/opt/2k.jpg
                - Verarbeitungszeit: 0.48s
                - Größenreduzierung: 97.1%
                - Finale Größe: 110.5KB
            
